Ganache CLI v6.12.1 (ganache-core: 2.13.1)

Available Accounts
==================
(0) 0xDf08F82De32B8d460adbE8D72043E3a7e25A3B39 (1000000000000 ETH)
(1) 0x6704Fbfcd5Ef766B287262fA2281C105d57246a6 (1000000000000 ETH)
(2) 0x9E1Ef1eC212F5DFfB41d35d9E5c14054F26c6560 (1000000000000 ETH)
(3) 0xce42bdB34189a93c55De250E011c68FaeE374Dd3 (1000000000000 ETH)
(4) 0x97A3FC5Ee46852C1Cf92A97B7BaD42F2622267cC (1000000000000 ETH)
(5) 0xB9dcBf8A52Edc0C8DD9983fCc1d97b1F5d975Ed7 (1000000000000 ETH)
(6) 0x26064a2E2b568D9A6D01B93D039D1da9Cf2A58CD (1000000000000 ETH)
(7) 0xe84Da28128a48Dd5585d1aBB1ba67276FdD70776 (1000000000000 ETH)
(8) 0xCc036143C68A7A9a41558Eae739B428eCDe5EF66 (1000000000000 ETH)
(9) 0xE2b3204F29Ab45d5fd074Ff02aDE098FbC381D42 (1000000000000 ETH)

Private Keys
==================
(0) 0x2bdd21761a483f71054e14f5b827213567971c676928d9a1808cbfa4b7501200
(1) 0x2bdd21761a483f71054e14f5b827213567971c676928d9a1808cbfa4b7501201
(2) 0x2bdd21761a483f71054e14f5b827213567971c676928d9a1808cbfa4b7501202
(3) 0x2bdd21761a483f71054e14f5b827213567971c676928d9a1808cbfa4b7501203
(4) 0x2bdd21761a483f71054e14f5b827213567971c676928d9a1808cbfa4b7501204
(5) 0x2bdd21761a483f71054e14f5b827213567971c676928d9a1808cbfa4b7501205
(6) 0x2bdd21761a483f71054e14f5b827213567971c676928d9a1808cbfa4b7501206
(7) 0x2bdd21761a483f71054e14f5b827213567971c676928d9a1808cbfa4b7501207
(8) 0x2bdd21761a483f71054e14f5b827213567971c676928d9a1808cbfa4b7501208
(9) 0x2bdd21761a483f71054e14f5b827213567971c676928d9a1808cbfa4b7501209

Gas Price
==================
20000000000

Gas Limit
==================
17592186044415

Call Gas Limit
==================
9007199254740991

Listening on 127.0.0.1:8545
eth_getTransactionCount
eth_sendRawTransaction

  Transaction: 0x67134c0f190b03bce8a25c659423550178e78273d50b234f562e5bf1e726e806
  Contract created: 0x0f5ea0a652e851678ebf77b69484bfcd31f9459b
  Gas usage: 382148
  Block Number: 1
  Block Time: Wed Nov 04 2020 18:10:17 GMT+0200 (Eastern European Standard Time)

eth_getTransactionReceipt
